<?xml version="1.0" encoding="UTF-8"?>
<!-- Generated by org.testng.reporters.JUnitReportReporter -->
<testsuite hostname="RanaLaptop" failures="0" tests="1" name="com.walmart.qa.testcases.LoginPageTest" time="8.267" errors="0" timestamp="6 Oct 2019 02:47:02 GMT">
  <testcase classname="com.walmart.qa.testcases.LoginPageTest" name="SigninTest" time="8.267"/>
</testsuite> <!-- com.walmart.qa.testcases.LoginPageTest -->
