<?xml version="1.0" encoding="UTF-8"?>
<!-- Generated by org.testng.reporters.JUnitReportReporter -->
<testsuite hostname="RanaLaptop" failures="0" tests="1" name="com.walmart.qa.testcases.HomePageTest" time="14.760" errors="0" timestamp="1 Oct 2019 03:42:58 GMT">
  <testcase classname="com.walmart.qa.testcases.HomePageTest" name="ClickonAccountslinkTest" time="14.760"/>
</testsuite> <!-- com.walmart.qa.testcases.HomePageTest -->
